TN:
SF:src/LuckyBuy.sol
DA:10,0
FN:10,LuckyBuy.constructor
FNDA:0,LuckyBuy.constructor
DA:11,0
DA:12,0
BRDA:12,0,0,-
DA:13,0
DA:17,0
FN:17,LuckyBuy._depositTreasury
FNDA:0,LuckyBuy._depositTreasury
DA:18,0
DA:21,0
FN:21,LuckyBuy.receive
FNDA:0,LuckyBuy.receive
DA:22,0
FNF:3
FNH:0
LF:8
LH:0
BRF:1
BRH:0
end_of_record
TN:
SF:src/common/MEAccessControl.sol
DA:14,15
FN:14,MEAccessControl.constructor
FNDA:15,MEAccessControl.constructor
DA:15,15
DA:16,15
FNF:1
FNH:1
LF:3
LH:3
BRF:0
BRH:0
end_of_record
TN:
SF:test/Contract.t.sol
DA:11,0
FN:11,TestLuckyBuy.setUp
FNDA:0,TestLuckyBuy.setUp
DA:12,0
FNF:1
FNH:0
LF:2
LH:0
BRF:0
BRH:0
end_of_record
TN:
SF:test/MEAccessControl.sol
DA:12,2
FN:12,MockMEAccessControlContract.adminOnly
FNDA:2,MockMEAccessControlContract.adminOnly
DA:14,3
FN:14,MockMEAccessControlContract.opsOnly
FNDA:3,MockMEAccessControlContract.opsOnly
FNF:2
FNH:2
LF:2
LH:2
BRF:0
BRH:0
end_of_record
